<?xml version="1.0" encoding="UTF-8"?>
<!-- Generated by org.testng.reporters.JUnitReportReporter -->
<testsuite hostname="010223HP840G548" failures="0" tests="2" name="week5.day1.EditLead" time="15.533" errors="0" timestamp="2023-05-03T12:52:22 IST" skipped="0">
  <testcase classname="week5.day1.EditLead" name="editLead" time="8.113"/>
  <system-out/>
  <testcase classname="week5.day1.EditLead" name="editLead" time="7.420"/>
  <system-out/>
</testsuite> <!-- week5.day1.EditLead -->
