<?xml version="1.0" encoding="UTF-8"?>
<!-- Generated by org.testng.reporters.JUnitReportReporter -->
<testsuite hostname="010223HP840G548" failures="0" tests="2" name="week5.day1.CreateLead" time="9.286" errors="0" timestamp="2023-05-03T11:22:43 IST" skipped="0">
  <testcase classname="week5.day1.CreateLead" name="createLead" time="4.685"/>
  <system-out/>
  <testcase classname="week5.day1.CreateLead" name="createLead" time="4.601"/>
  <system-out/>
</testsuite> <!-- week5.day1.CreateLead -->
