<?xml version="1.0" encoding="UTF-8"?>
<!-- Generated by org.testng.reporters.JUnitReportReporter -->
<testsuite hostname="010223HP840G548" failures="0" tests="1" name="week5.day1.WriteCls" time="10.468" errors="1" timestamp="2023-05-03T13:59:52 IST" skipped="0">
  <testcase classname="week5.day1.WriteCls" name="ExcelData" time="10.468">
    <error message="The supplied file was empty (zero bytes long)" type="org.apache.poi.EmptyFileException">
      <![CDATA[org.apache.poi.EmptyFileException: The supplied file was empty (zero bytes long)
at org.apache.poi.util.IOUtils.peekFirstNBytes(IOUtils.java:144)
at org.apache.poi.poifs.filesystem.FileMagic.valueOf(FileMagic.java:209)
at org.apache.poi.openxml4j.opc.internal.ZipHelper.verifyZipHeader(ZipHelper.java:143)
at org.apache.poi.openxml4j.opc.internal.ZipHelper.openZipFile(ZipHelper.java:201)
at org.apache.poi.openxml4j.opc.ZipPackage.<init>(ZipPackage.java:166)
at org.apache.poi.openxml4j.opc.ZipPackage.<init>(ZipPackage.java:149)
at org.apache.poi.openxml4j.opc.OPCPackage.open(OPCPackage.java:247)
at org.apache.poi.openxml4j.opc.OPCPackage.open(OPCPackage.java:178)
at org.apache.poi.ooxml.POIXMLDocument.openPackage(POIXMLDocument.java:88)
at org.apache.poi.xssf.usermodel.XSSFWorkbook.<init>(XSSFWorkbook.java:333)
at week5.day1.WriteExcel.writeData(WriteExcel.java:11)
at week5.day1.WriteCls.ExcelData(WriteCls.java:17)
at java.base/jdk.internal.reflect.NativeMethodAccessorImpl.invoke0(Native Method)
at java.base/jdk.internal.reflect.NativeMethodAccessorImpl.invoke(NativeMethodAccessorImpl.java:64)
at java.base/jdk.internal.reflect.DelegatingMethodAccessorImpl.invoke(DelegatingMethodAccessorImpl.java:43)
at java.base/java.lang.reflect.Method.invoke(Method.java:564)
at org.testng.internal.MethodInvocationHelper.invokeMethod(MethodInvocationHelper.java:133)
at org.testng.internal.TestInvoker.invokeMethod(TestInvoker.java:598)
at org.testng.internal.TestInvoker.invokeTestMethod(TestInvoker.java:173)
at org.testng.internal.MethodRunner.runInSequence(MethodRunner.java:46)
at org.testng.internal.TestInvoker$MethodInvocationAgent.invoke(TestInvoker.java:824)
at org.testng.internal.TestInvoker.invokeTestMethods(TestInvoker.java:146)
at org.testng.internal.TestMethodWorker.invokeTestMethods(TestMethodWorker.java:146)
at org.testng.internal.TestMethodWorker.run(TestMethodWorker.java:128)
at java.base/java.util.ArrayList.forEach(ArrayList.java:1511)
at org.testng.TestRunner.privateRun(TestRunner.java:794)
at org.testng.TestRunner.run(TestRunner.java:596)
at org.testng.SuiteRunner.runTest(SuiteRunner.java:377)
at org.testng.SuiteRunner.runSequentially(SuiteRunner.java:371)
at org.testng.SuiteRunner.privateRun(SuiteRunner.java:332)
at org.testng.SuiteRunner.run(SuiteRunner.java:276)
at org.testng.SuiteRunnerWorker.runSuite(SuiteRunnerWorker.java:53)
at org.testng.SuiteRunnerWorker.run(SuiteRunnerWorker.java:96)
at org.testng.TestNG.runSuitesSequentially(TestNG.java:1212)
at org.testng.TestNG.runSuitesLocally(TestNG.java:1134)
at org.testng.TestNG.runSuites(TestNG.java:1063)
at org.testng.TestNG.run(TestNG.java:1031)
at org.testng.remote.AbstractRemoteTestNG.run(AbstractRemoteTestNG.java:115)
at org.testng.remote.RemoteTestNG.initAndRun(RemoteTestNG.java:251)
at org.testng.remote.RemoteTestNG.main(RemoteTestNG.java:77)
]]>
    </error>
  </testcase> <!-- ExcelData -->
  <system-out/>
</testsuite> <!-- week5.day1.WriteCls -->
